[dotenv@17.3.1] injecting env (4) from .env -- tip: ΓÜí∩╕Å secrets for agents: https://dotenvx.com/as2
Warning: Unused function parameter. Remove or comment out the variable name to silence this warning.
  --> contracts/FreelanceRenderer.sol:51:9:
   |
51 |         string memory ipfsHash
   |         ^^^^^^^^^^^^^^^^^^^^^^


Warning: Unused function parameter. Remove or comment out the variable name to silence this warning.
  --> contracts/PrivacyShield.sol:52:9:
   |
52 |         uint256 threshold
   |         ^^^^^^^^^^^^^^^^^


Warning: Unused local variable.
   --> contracts/FreelanceEscrow.sol:768:13:
    |
768 |             uint256 cost = IArbitrator(arbitrator).arbitrationCost("");
    |             ^^^^^^^^^^^^


Warning: Unused function parameter. Remove or comment out the variable name to silence this warning.
  --> contracts/FreelanceEscrowRWAAdapter.sol:39:9:
   |
39 |         uint256 jobId,
   |         ^^^^^^^^^^^^^


Warning: Unused function parameter. Remove or comment out the variable name to silence this warning.
  --> contracts/FreelanceEscrowRWAAdapter.sol:40:9:
   |
40 |         string calldata invoiceHash
   |         ^^^^^^^^^^^^^^^^^^^^^^^^^^^


Warning: Unused function parameter. Remove or comment out the variable name to silence this warning.
  --> contracts/FreelanceEscrowRWAAdapter.sol:41:25:
   |
41 |     ) external returns (uint256 invoiceId) {
   |                         ^^^^^^^^^^^^^^^^^


Warning: Unused function parameter. Remove or comment out the variable name to silence this warning.
  --> contracts/FreelanceEscrowRWAAdapter.sol:60:9:
   |
60 |         uint256 jobId,
   |         ^^^^^^^^^^^^^


Warning: Unused function parameter. Remove or comment out the variable name to silence this warning.
  --> contracts/FreelanceEscrowRWAAdapter.sol:61:9:
   |
61 |         uint256 totalSupply,
   |         ^^^^^^^^^^^^^^^^^^^


Warning: Unused function parameter. Remove or comment out the variable name to silence this warning.
  --> contracts/FreelanceEscrowRWAAdapter.sol:62:9:
   |
62 |         string calldata metadataURI
   |         ^^^^^^^^^^^^^^^^^^^^^^^^^^^


Warning: Unused function parameter. Remove or comment out the variable name to silence this warning.
  --> contracts/FreelanceEscrowRWAAdapter.sol:63:25:
   |
63 |     ) external returns (uint256 assetId) {
   |                         ^^^^^^^^^^^^^^^


Warning: Unused function parameter. Remove or comment out the variable name to silence this warning.
   --> contracts/FreelanceGovernance.sol:204:50:
    |
204 |     function stakeConviction(uint256 proposalId, bool support) public {
    |                                                  ^^^^^^^^^^^^


Warning: Unused local variable.
   --> contracts/ccip/CCIPTokenBridge.sol:238:28:
    |
238 |         (address receiver, address originalSender, ) = abi.decode(
    |                            ^^^^^^^^^^^^^^^^^^^^^^


Warning: Unused local variable.
   --> contracts/ccip/CrossChainEscrowManager.sol:417:13:
    |
417 |             bytes memory jobData
    |             ^^^^^^^^^^^^^^^^^^^^


Warning: Unused local variable.
   --> contracts/ccip/CrossChainEscrowManager.sol:453:34:
    |
453 |         (, uint256 localJobId, , address freelancer, uint256 amount) = abi.decode(
    |                                  ^^^^^^^^^^^^^^^^^^


Warning: Unused local variable.
   --> contracts/ccip/CrossChainEscrowManager.sol:453:54:
    |
453 |         (, uint256 localJobId, , address freelancer, uint256 amount) = abi.decode(
    |                                                      ^^^^^^^^^^^^^^


Warning: Unused local variable.
   --> contracts/ccip/CrossChainEscrowManager.sol:477:34:
    |
477 |         (, uint256 localJobId, , address initiator, string memory evidence) = abi.decode(
    |                                  ^^^^^^^^^^^^^^^^^


Warning: Unused local variable.
   --> contracts/ccip/CrossChainEscrowManager.sol:477:53:
    |
477 |         (, uint256 localJobId, , address initiator, string memory evidence) = abi.decode(
    |                                                     ^^^^^^^^^^^^^^^^^^^^^^


Warning: Unused local variable.
   --> contracts/ccip/CrossChainEscrowManager.sol:528:13:
    |
528 |             uint256 remoteJobId,
    |             ^^^^^^^^^^^^^^^^^^^


Warning: Unused function parameter. Remove or comment out the variable name to silence this warning.
  --> contracts/lz/CrossChainGovernor.sol:62:9:
   |
62 |         address _executor,
   |         ^^^^^^^^^^^^^^^^^


Warning: Unused function parameter. Remove or comment out the variable name to silence this warning.
  --> contracts/lz/CrossChainGovernor.sol:63:9:
   |
63 |         bytes memory _extraData
   |         ^^^^^^^^^^^^^^^^^^^^^^^


Warning: Unused function parameter. Remove or comment out the variable name to silence this warning.
   --> contracts/lz/OmniDispute.sol:180:9:
    |
180 |         address _executor,
    |         ^^^^^^^^^^^^^^^^^


Warning: Unused function parameter. Remove or comment out the variable name to silence this warning.
   --> contracts/lz/OmniDispute.sol:181:9:
    |
181 |         bytes memory _extraData
    |         ^^^^^^^^^^^^^^^^^^^^^^^


Warning: Unused function parameter. Remove or comment out the variable name to silence this warning.
   --> contracts/lz/OmniGovernance.sol:410:9:
    |
410 |         address _executor,
    |         ^^^^^^^^^^^^^^^^^


Warning: Unused function parameter. Remove or comment out the variable name to silence this warning.
   --> contracts/lz/OmniGovernance.sol:411:9:
    |
411 |         bytes memory _extraData
    |         ^^^^^^^^^^^^^^^^^^^^^^^


Warning: Unused function parameter. Remove or comment out the variable name to silence this warning.
   --> contracts/lz/OmniGovernance.sol:425:30:
    |
425 |     function _handleVoteSync(uint32 srcEid, bytes memory message) internal {
    |                              ^^^^^^^^^^^^^


Warning: Unused local variable.
   --> contracts/lz/OmniGovernance.sol:429:13:
    |
429 |             address voter,
    |             ^^^^^^^^^^^^^


Warning: Unused function parameter. Remove or comment out the variable name to silence this warning.
   --> contracts/lz/OmniReputation.sol:251:9:
    |
251 |         address _executor,
    |         ^^^^^^^^^^^^^^^^^


Warning: Unused function parameter. Remove or comment out the variable name to silence this warning.
   --> contracts/lz/OmniReputation.sol:252:9:
    |
252 |         bytes memory _extraData
    |         ^^^^^^^^^^^^^^^^^^^^^^^


Warning: Unused local variable.
   --> contracts/lz/OmniReputation.sol:274:13:
    |
274 |             uint256 totalEarned,
    |             ^^^^^^^^^^^^^^^^^^^


Warning: Unused local variable.
   --> contracts/lz/OmniReputation.sol:275:13:
    |
275 |             uint256 averageRating,
    |             ^^^^^^^^^^^^^^^^^^^^^


Warning: Unused local variable.
   --> contracts/lz/OmniReputation.sol:316:26:
    |
316 |         (, address user, address requester) = abi.decode(
    |                          ^^^^^^^^^^^^^^^^^


Warning: Unused local variable.
   --> contracts/lz/OmniReputation.sol:324:9:
    |
324 |         bytes memory responseMessage = abi.encode(
    |         ^^^^^^^^^^^^^^^^^^^^^^^^^^^^


Warning: Unused function parameter. Remove or comment out the variable name to silence this warning.
 --> contracts/test/MockArbitrator.sol:9:28:
  |
9 |     function createDispute(uint256 _choices, bytes calldata _extraData) external payable override returns (uint256 disputeID) {
  |                            ^^^^^^^^^^^^^^^^


Warning: Unused function parameter. Remove or comment out the variable name to silence this warning.
 --> contracts/test/MockArbitrator.sol:9:46:
  |
9 |     function createDispute(uint256 _choices, bytes calldata _extraData) external payable override returns (uint256 disputeID) {
  |                                              ^^^^^^^^^^^^^^^^^^^^^^^^^


Warning: Unused function parameter. Remove or comment out the variable name to silence this warning.
  --> contracts/test/MockArbitrator.sol:14:30:
   |
14 |     function arbitrationCost(bytes calldata _extraData) external view override returns (uint256 cost) {
   |                              ^^^^^^^^^^^^^^^^^^^^^^^^^


Warning: Unused function parameter. Remove or comment out the variable name to silence this warning.
  --> contracts/test/MockWormhole.sol:28:9:
   |
28 |         bytes memory payload,
   |         ^^^^^^^^^^^^^^^^^^^^


Warning: Function state mutability can be restricted to pure
  --> contracts/FreelanceEscrowRWAAdapter.sol:38:5:
   |
38 |     function tokenizeJobAsInvoice(
   |     ^ (Relevant source part starts here and spans across multiple lines).


Warning: Function state mutability can be restricted to pure
  --> contracts/FreelanceEscrowRWAAdapter.sol:59:5:
   |
59 |     function tokenizeProjectAsAsset(
   |     ^ (Relevant source part starts here and spans across multiple lines).


Warning: Function state mutability can be restricted to pure
  --> contracts/test/Invariants.sol:11:5:
   |
11 |     function echidna_escrow_balance_safety() public view returns (bool) {
   |     ^ (Relevant source part starts here and spans across multiple lines).


Warning: Function state mutability can be restricted to pure
  --> contracts/test/MockArbitrator.sol:14:5:
   |
14 |     function arbitrationCost(bytes calldata _extraData) external view override returns (uint256 cost) {
   |     ^ (Relevant source part starts here and spans across multiple lines).


Warning: Contract code size is 30957 bytes and exceeds 24576 bytes (a limit introduced in Spurious Dragon). This contract may not be deployable on Mainnet. Consider enabling the optimizer (with a low "runs" value!), turning off revert strings, or using libraries.
  --> contracts/FreelanceEscrow.sol:27:1:
   |
27 | contract FreelanceEscrow is FreelanceEscrowBase, PausableUpgradeable, IArbitrable {
   | ^ (Relevant source part starts here and spans across multiple lines).


Warning: Contract code size is 31352 bytes and exceeds 24576 bytes (a limit introduced in Spurious Dragon). This contract may not be deployable on Mainnet. Consider enabling the optimizer (with a low "runs" value!), turning off revert strings, or using libraries.
  --> contracts/FreelanceEscrowV2.sol:10:1:
   |
10 | contract FreelanceEscrowV2 is FreelanceEscrow {
   | ^ (Relevant source part starts here and spans across multiple lines).


Warning: Contract code size is 31055 bytes and exceeds 24576 bytes (a limit introduced in Spurious Dragon). This contract may not be deployable on Mainnet. Consider enabling the optimizer (with a low "runs" value!), turning off revert strings, or using libraries.
 --> contracts/test/Invariants.sol:6:1:
  |
6 | contract Invariants is FreelanceEscrow {
  | ^ (Relevant source part starts here and spans across multiple lines).


Compiled 157 Solidity files successfully (evm target: cancun).
